INFO 2025-06-16 13:15:46 시트 'Córdova' 처리 중...
INFO 2025-06-16 13:15:51 ✅ 매칭된 교차로: AV. BELEN - AV. CORDOVA
INFO 2025-06-16 13:15:55 ✅ 매칭된 교차로: AV. BOLIVAR - AV. ANTONIO JOSE DE SUCREDistrito: PUEBLO LIBRECodigo de Red: E04-27Red: LP-15-2017Año
INFO 2025-06-16 13:15:59 ✅ 매칭된 교차로: AV. BELEN - AV. CORDOVA
INFO 2025-06-16 13:16:04 ✅ 매칭된 교차로: AV. BOLIVAR - AV. ANTONIO JOSE DE SUCREDistrito: PUEBLO LIBRECodigo de Red: E04-27Red: LP-15-2017Año
INFO 2025-06-16 13:16:07 ✅ 매칭된 교차로: AV. BELEN - AV. CORDOVA
INFO 2025-06-16 13:16:09 ✅ 매칭된 교차로: AV. BOLIVAR - AV. ANTONIO JOSE DE SUCREDistrito: PUEBLO LIBRECodigo de Red: E04-27Red: LP-15-2017Año
INFO 2025-06-16 13:16:12 ✅ 매칭된 교차로: AV. BELEN - AV. CORDOVA
INFO 2025-06-16 13:16:15 ✅ 매칭된 교차로: AV. BOLIVAR - AV. ANTONIO JOSE DE SUCREDistrito: PUEBLO LIBRECodigo de Red: E04-27Red: LP-15-2017Año
INFO 2025-06-16 13:16:15 시트 'Sucre' 처리 중...
INFO 2025-06-16 13:16:19 ✅ 매칭된 교차로: AV. BOLIVAR - AV. ANTONIO JOSE DE SUCREDistrito: PUEBLO LIBRECodigo de Red: E04-27Red: LP-15-2017Año
INFO 2025-06-16 13:16:22 ✅ 매칭된 교차로: AV. BOLIVAR - AV. ANTONIO JOSE DE SUCREDistrito: PUEBLO LIBRECodigo de Red: E04-27Red: LP-15-2017Año
INFO 2025-06-16 13:16:26 ✅ 매칭된 교차로: AV. BOLIVAR - AV. ANTONIO JOSE DE SUCREDistrito: PUEBLO LIBRECodigo de Red: E04-27Red: LP-15-2017Año
INFO 2025-06-16 13:16:29 ✅ 매칭된 교차로: AV. BOLIVAR - AV. ANTONIO JOSE DE SUCREDistrito: PUEBLO LIBRECodigo de Red: E04-27Red: LP-15-2017Año
INFO 2025-06-16 13:16:29 시트 'Paseo de los Andes' 처리 중...
INFO 2025-06-16 13:16:32 ✅ 매칭된 교차로: AV. BOLIVAR - AV. PASEO DE LOS ANDESDistrito: PUEBLO LIBRECodigo de Red: E04-28Red: LP-15-2017Año In
INFO 2025-06-16 13:16:35 ✅ 매칭된 교차로: AV. BOLIVAR - AV. PASEO DE LOS ANDESDistrito: PUEBLO LIBRECodigo de Red: E04-28Red: LP-15-2017Año In
INFO 2025-06-16 13:16:38 ✅ 매칭된 교차로: AV. BOLIVAR - AV. PASEO DE LOS ANDESDistrito: PUEBLO LIBRECodigo de Red: E04-28Red: LP-15-2017Año In
INFO 2025-06-16 13:16:41 ✅ 매칭된 교차로: AV. BOLIVAR - AV. PASEO DE LOS ANDESDistrito: PUEBLO LIBRECodigo de Red: E04-28Red: LP-15-2017Año In
INFO 2025-06-16 13:16:43 ✅ 매칭된 교차로: AV. BOLIVAR - AV. PASEO DE LOS ANDESDistrito: PUEBLO LIBRECodigo de Red: E04-28Red: LP-15-2017Año In
INFO 2025-06-16 13:16:47 ✅ 매칭된 교차로: AV. BOLIVAR - AV. PASEO DE LOS ANDESDistrito: PUEBLO LIBRECodigo de Red: E04-28Red: LP-15-2017Año In
INFO 2025-06-16 13:16:47 시트 'Del Río' 처리 중...
INFO 2025-06-16 13:16:51 ✅ 매칭된 교차로: AV. BOLIVAR - AV. ANTONIO JOSE DE SUCREDistrito: PUEBLO LIBRECodigo de Red: E04-27Red: LP-15-2017Año
INFO 2025-06-16 13:16:55 ✅ 매칭된 교차로: AV. BOLIVAR - AV. ANTONIO JOSE DE SUCREDistrito: PUEBLO LIBRECodigo de Red: E04-27Red: LP-15-2017Año
INFO 2025-06-16 13:16:56 시트 'Brasil' 처리 중...
INFO 2025-06-16 13:16:59 ✅ 매칭된 교차로: AV. BRASIL - AV. 28 DE JULIODistrito: JESUS MARIACodigo de Red: E01-30Red: LP-15-2017Año Instalado: 
INFO 2025-06-16 13:17:02 ✅ 매칭된 교차로: Av. Bolívar - Av. Gral Córdova
INFO 2025-06-16 13:17:04 ✅ 매칭된 교차로: AV. BRASIL - AV. 28 DE JULIODistrito: JESUS MARIACodigo de Red: E01-30Red: LP-15-2017Año Instalado: 
INFO 2025-06-16 13:17:07 ✅ 매칭된 교차로: AV. BRASIL - AV. 28 DE JULIODistrito: JESUS MARIACodigo de Red: E01-30Red: LP-15-2017Año Instalado: 
INFO 2025-06-16 13:17:09 ✅ 매칭된 교차로: Av. Bolívar - Av. Gral Córdova
INFO 2025-06-16 13:17:11 ✅ 매칭된 교차로: AV. BRASIL - AV. 28 DE JULIODistrito: JESUS MARIACodigo de Red: E01-30Red: LP-15-2017Año Instalado: 
INFO 2025-06-16 13:17:11 시트 'Garzón' 처리 중...
